<?xml version="1.0" encoding="UTF-8"?>
<testsuite xmlns:xsi="http://www.w3.org/2001/XMLSchema-instance" xsi:noNamespaceSchemaLocation="https://maven.apache.org/surefire/maven-surefire-plugin/xsd/surefire-test-report.xsd" name="phonebill.bill.SMSBundleTest" time="0.001" tests="5" errors="0" skipped="0" failures="0">
  <properties>
[...]
</properties>
  <testcase name="total_five" classname="phonebill.bill.SMSBundleTest$totalCost" time="0"/>
  <testcase name="total_four" classname="phonebill.bill.SMSBundleTest$totalCost" time="0"/>
  <testcase name="total_one" classname="phonebill.bill.SMSBundleTest$totalCost" time="0"/>
  <testcase name="total_two" classname="phonebill.bill.SMSBundleTest$totalCost" time="0"/>
  <testcase name="total_three" classname="phonebill.bill.SMSBundleTest$totalCost" time="0"/>
</testsuite>